

Started GET "/" for 127.0.0.1 at 2016-02-24 02:33:30 +0530

ActiveRecord::PendingMigrationError (

Migrations are pending. To resolve this issue, run:

	bin/rake db:migrate RAILS_ENV=development

):
  activerecord (4.1.1) lib/active_record/migration.rb:389:in `check_pending!'
  activerecord (4.1.1) lib/active_record/migration.rb:377:in `call'
  actionpack (4.1.1) lib/action_dispatch/middleware/callbacks.rb:29:in `block in call'
  activesupport (4.1.1) lib/active_support/callbacks.rb:82:in `run_callbacks'
  actionpack (4.1.1) lib/action_dispatch/middleware/callbacks.rb:27:in `call'
  actionpack (4.1.1) lib/action_dispatch/middleware/reloader.rb:73:in `call'
  actionpack (4.1.1) lib/action_dispatch/middleware/remote_ip.rb:76:in `call'
  actionpack (4.1.1) lib/action_dispatch/middleware/debug_exceptions.rb:17:in `call'
  actionpack (4.1.1) lib/action_dispatch/middleware/show_exceptions.rb:30:in `call'
  railties (4.1.1) lib/rails/rack/logger.rb:38:in `call_app'
  railties (4.1.1) lib/rails/rack/logger.rb:20:in `block in call'
  activesupport (4.1.1) lib/active_support/tagged_logging.rb:68:in `block in tagged'
  activesupport (4.1.1) lib/active_support/tagged_logging.rb:26:in `tagged'
  activesupport (4.1.1) lib/active_support/tagged_logging.rb:68:in `tagged'
  railties (4.1.1) lib/rails/rack/logger.rb:20:in `call'
  actionpack (4.1.1) lib/action_dispatch/middleware/request_id.rb:21:in `call'
  rack (1.5.5) lib/rack/methodoverride.rb:21:in `call'
  rack (1.5.5) lib/rack/runtime.rb:17:in `call'
  activesupport (4.1.1) lib/active_support/cache/strategy/local_cache_middleware.rb:26:in `call'
  rack (1.5.5) lib/rack/lock.rb:17:in `call'
  actionpack (4.1.1) lib/action_dispatch/middleware/static.rb:64:in `call'
  rack (1.5.5) lib/rack/sendfile.rb:112:in `call'
  railties (4.1.1) lib/rails/engine.rb:514:in `call'
  railties (4.1.1) lib/rails/application.rb:144:in `call'
  rack (1.5.5) lib/rack/lock.rb:17:in `call'
  rack (1.5.5) lib/rack/content_length.rb:14:in `call'
  rack (1.5.5) lib/rack/handler/webrick.rb:60:in `service'
  /home/meet/.rvm/rubies/ruby-2.1.5/lib/ruby/2.1.0/webrick/httpserver.rb:138:in `service'
  /home/meet/.rvm/rubies/ruby-2.1.5/lib/ruby/2.1.0/webrick/httpserver.rb:94:in `run'
  /home/meet/.rvm/rubies/ruby-2.1.5/lib/ruby/2.1.0/webrick/server.rb:295:in `block in start_thread'


  Rendered /home/meet/.rvm/gems/ruby-2.1.5/gems/actionpack-4.1.1/lib/action_dispatch/middleware/templates/rescues/_source.erb (1.5ms)
  Rendered /home/meet/.rvm/gems/ruby-2.1.5/gems/actionpack-4.1.1/lib/action_dispatch/middleware/templates/rescues/_trace.html.erb (1.6ms)
  Rendered /home/meet/.rvm/gems/ruby-2.1.5/gems/actionpack-4.1.1/lib/action_dispatch/middleware/templates/rescues/_request_and_response.html.erb (3.1ms)
  Rendered /home/meet/.rvm/gems/ruby-2.1.5/gems/actionpack-4.1.1/lib/action_dispatch/middleware/templates/rescues/diagnostics.erb within rescues/layout (18.1ms)
  [1m[36m (4.4ms)[0m  [1mCREATE TABLE "schema_migrations" ("version" varchar(255) NOT NULL) [0m
  [1m[35m (0.1ms)[0m  select sqlite_version(*)
  [1m[36m (3.5ms)[0m  [1mCREATE UNIQUE INDEX "unique_schema_migrations" ON "schema_migrations" ("version")[0m
  [1m[35mActiveRecord::SchemaMigration Load (0.1ms)[0m  SELECT "schema_migrations".* FROM "schema_migrations"
Migrating to CreateProducts (20160223210309)
  [1m[36m (0.1ms)[0m  [1mbegin transaction[0m
  [1m[35m (0.3ms)[0m  CREATE TABLE "products" ("id" INTEGER PRIMARY KEY AUTOINCREMENT NOT NULL, "name" varchar(255), "price" integer, "created_at" datetime, "updated_at" datetime) 
  [1m[36mSQL (0.1ms)[0m  [1mINSERT INTO "schema_migrations" ("version") VALUES (?)[0m  [["version", "20160223210309"]]
  [1m[35m (3.8ms)[0m  commit transaction
  [1m[36mActiveRecord::SchemaMigration Load (0.1ms)[0m  [1mSELECT "schema_migrations".* FROM "schema_migrations"[0m


Started GET "/" for 127.0.0.1 at 2016-02-24 02:34:14 +0530
  [1m[36mActiveRecord::SchemaMigration Load (0.3ms)[0m  [1mSELECT "schema_migrations".* FROM "schema_migrations"[0m
Processing by Rails::WelcomeController#index as HTML
  Rendered /home/meet/.rvm/gems/ruby-2.1.5/gems/railties-4.1.1/lib/rails/templates/rails/welcome/index.html.erb (0.9ms)
Completed 200 OK in 10ms (Views: 2.5ms | ActiveRecord: 0.0ms)


Started GET "/produtcs" for 127.0.0.1 at 2016-02-24 02:34:21 +0530

ActionController::RoutingError (No route matches [GET] "/produtcs"):
  actionpack (4.1.1) lib/action_dispatch/middleware/debug_exceptions.rb:21:in `call'
  actionpack (4.1.1) lib/action_dispatch/middleware/show_exceptions.rb:30:in `call'
  railties (4.1.1) lib/rails/rack/logger.rb:38:in `call_app'
  railties (4.1.1) lib/rails/rack/logger.rb:20:in `block in call'
  activesupport (4.1.1) lib/active_support/tagged_logging.rb:68:in `block in tagged'
  activesupport (4.1.1) lib/active_support/tagged_logging.rb:26:in `tagged'
  activesupport (4.1.1) lib/active_support/tagged_logging.rb:68:in `tagged'
  railties (4.1.1) lib/rails/rack/logger.rb:20:in `call'
  actionpack (4.1.1) lib/action_dispatch/middleware/request_id.rb:21:in `call'
  rack (1.5.5) lib/rack/methodoverride.rb:21:in `call'
  rack (1.5.5) lib/rack/runtime.rb:17:in `call'
  activesupport (4.1.1) lib/active_support/cache/strategy/local_cache_middleware.rb:26:in `call'
  rack (1.5.5) lib/rack/lock.rb:17:in `call'
  actionpack (4.1.1) lib/action_dispatch/middleware/static.rb:64:in `call'
  rack (1.5.5) lib/rack/sendfile.rb:112:in `call'
  railties (4.1.1) lib/rails/engine.rb:514:in `call'
  railties (4.1.1) lib/rails/application.rb:144:in `call'
  rack (1.5.5) lib/rack/lock.rb:17:in `call'
  rack (1.5.5) lib/rack/content_length.rb:14:in `call'
  rack (1.5.5) lib/rack/handler/webrick.rb:60:in `service'
  /home/meet/.rvm/rubies/ruby-2.1.5/lib/ruby/2.1.0/webrick/httpserver.rb:138:in `service'
  /home/meet/.rvm/rubies/ruby-2.1.5/lib/ruby/2.1.0/webrick/httpserver.rb:94:in `run'
  /home/meet/.rvm/rubies/ruby-2.1.5/lib/ruby/2.1.0/webrick/server.rb:295:in `block in start_thread'


  Rendered /home/meet/.rvm/gems/ruby-2.1.5/gems/actionpack-4.1.1/lib/action_dispatch/middleware/templates/rescues/_trace.html.erb (2.4ms)
  Rendered /home/meet/.rvm/gems/ruby-2.1.5/gems/actionpack-4.1.1/lib/action_dispatch/middleware/templates/routes/_route.html.erb (1.2ms)
  Rendered /home/meet/.rvm/gems/ruby-2.1.5/gems/actionpack-4.1.1/lib/action_dispatch/middleware/templates/routes/_table.html.erb (5.0ms)
  Rendered /home/meet/.rvm/gems/ruby-2.1.5/gems/actionpack-4.1.1/lib/action_dispatch/middleware/templates/rescues/routing_error.html.erb within rescues/layout (35.4ms)


Started GET "/produts" for 127.0.0.1 at 2016-02-24 02:34:26 +0530

ActionController::RoutingError (No route matches [GET] "/produts"):
  actionpack (4.1.1) lib/action_dispatch/middleware/debug_exceptions.rb:21:in `call'
  actionpack (4.1.1) lib/action_dispatch/middleware/show_exceptions.rb:30:in `call'
  railties (4.1.1) lib/rails/rack/logger.rb:38:in `call_app'
  railties (4.1.1) lib/rails/rack/logger.rb:20:in `block in call'
  activesupport (4.1.1) lib/active_support/tagged_logging.rb:68:in `block in tagged'
  activesupport (4.1.1) lib/active_support/tagged_logging.rb:26:in `tagged'
  activesupport (4.1.1) lib/active_support/tagged_logging.rb:68:in `tagged'
  railties (4.1.1) lib/rails/rack/logger.rb:20:in `call'
  actionpack (4.1.1) lib/action_dispatch/middleware/request_id.rb:21:in `call'
  rack (1.5.5) lib/rack/methodoverride.rb:21:in `call'
  rack (1.5.5) lib/rack/runtime.rb:17:in `call'
  activesupport (4.1.1) lib/active_support/cache/strategy/local_cache_middleware.rb:26:in `call'
  rack (1.5.5) lib/rack/lock.rb:17:in `call'
  actionpack (4.1.1) lib/action_dispatch/middleware/static.rb:64:in `call'
  rack (1.5.5) lib/rack/sendfile.rb:112:in `call'
  railties (4.1.1) lib/rails/engine.rb:514:in `call'
  railties (4.1.1) lib/rails/application.rb:144:in `call'
  rack (1.5.5) lib/rack/lock.rb:17:in `call'
  rack (1.5.5) lib/rack/content_length.rb:14:in `call'
  rack (1.5.5) lib/rack/handler/webrick.rb:60:in `service'
  /home/meet/.rvm/rubies/ruby-2.1.5/lib/ruby/2.1.0/webrick/httpserver.rb:138:in `service'
  /home/meet/.rvm/rubies/ruby-2.1.5/lib/ruby/2.1.0/webrick/httpserver.rb:94:in `run'
  /home/meet/.rvm/rubies/ruby-2.1.5/lib/ruby/2.1.0/webrick/server.rb:295:in `block in start_thread'


  Rendered /home/meet/.rvm/gems/ruby-2.1.5/gems/actionpack-4.1.1/lib/action_dispatch/middleware/templates/rescues/_trace.html.erb (1.1ms)
  Rendered /home/meet/.rvm/gems/ruby-2.1.5/gems/actionpack-4.1.1/lib/action_dispatch/middleware/templates/routes/_route.html.erb (2.0ms)
  Rendered /home/meet/.rvm/gems/ruby-2.1.5/gems/actionpack-4.1.1/lib/action_dispatch/middleware/templates/routes/_table.html.erb (10.1ms)
  Rendered /home/meet/.rvm/gems/ruby-2.1.5/gems/actionpack-4.1.1/lib/action_dispatch/middleware/templates/rescues/routing_error.html.erb within rescues/layout (31.9ms)


Started GET "/products" for 127.0.0.1 at 2016-02-24 02:34:31 +0530
Processing by ProductsController#index as HTML
  [1m[35mProduct Load (4.3ms)[0m  SELECT "products".* FROM "products"
  Rendered products/index.html.erb within layouts/application (5.8ms)
Completed 200 OK in 636ms (Views: 629.4ms | ActiveRecord: 4.3ms)


Started GET "/assets/products.css?body=1" for 127.0.0.1 at 2016-02-24 02:34:32 +0530


Started GET "/assets/scaffolds.css?body=1" for 127.0.0.1 at 2016-02-24 02:34:32 +0530


Started GET "/assets/application.css?body=1" for 127.0.0.1 at 2016-02-24 02:34:32 +0530


Started GET "/assets/jquery.js?body=1" for 127.0.0.1 at 2016-02-24 02:34:32 +0530


Started GET "/assets/jquery_ujs.js?body=1" for 127.0.0.1 at 2016-02-24 02:34:32 +0530


Started GET "/assets/turbolinks.js?body=1" for 127.0.0.1 at 2016-02-24 02:34:32 +0530


Started GET "/assets/products.js?body=1" for 127.0.0.1 at 2016-02-24 02:34:32 +0530


Started GET "/assets/application.js?body=1" for 127.0.0.1 at 2016-02-24 02:34:32 +0530


Started GET "/products/new" for 127.0.0.1 at 2016-02-24 02:34:34 +0530
Processing by ProductsController#new as HTML
  Rendered products/_form.html.erb (20.0ms)
  Rendered products/new.html.erb within layouts/application (21.3ms)
Completed 200 OK in 60ms (Views: 58.5ms | ActiveRecord: 0.3ms)


Started POST "/products" for 127.0.0.1 at 2016-02-24 02:34:52 +0530
Processing by ProductsController#create as HTML
  Parameters: {"utf8"=>"✓", "authenticity_token"=>"AFzmvLetY13zZMehamj9Bo1DuMotAboaTovgEDXoUjo=", "product"=>{"name"=>"Ipad", "price"=>"16000"}, "commit"=>"Create Product"}
  [1m[36m (0.1ms)[0m  [1mbegin transaction[0m
  [1m[35mSQL (0.3ms)[0m  INSERT INTO "products" ("created_at", "name", "price", "updated_at") VALUES (?, ?, ?, ?)  [["created_at", "2016-02-23 21:04:52.407957"], ["name", "Ipad"], ["price", 16000], ["updated_at", "2016-02-23 21:04:52.407957"]]
  [1m[36m (9.5ms)[0m  [1mcommit transaction[0m
Redirected to http://localhost:8000/products/1
Completed 302 Found in 18ms (ActiveRecord: 9.9ms)


Started GET "/products/1" for 127.0.0.1 at 2016-02-24 02:34:52 +0530
Processing by ProductsController#show as HTML
  Parameters: {"id"=>"1"}
  [1m[35mProduct Load (0.5ms)[0m  SELECT  "products".* FROM "products"  WHERE "products"."id" = ? LIMIT 1  [["id", 1]]
  Rendered products/show.html.erb within layouts/application (0.8ms)
Completed 200 OK in 36ms (Views: 33.3ms | ActiveRecord: 0.5ms)


Started GET "/assets/products.css?body=1" for 127.0.0.1 at 2016-02-24 02:34:52 +0530


Started GET "/assets/scaffolds.css?body=1" for 127.0.0.1 at 2016-02-24 02:34:52 +0530


Started GET "/assets/jquery.js?body=1" for 127.0.0.1 at 2016-02-24 02:34:52 +0530


Started GET "/assets/jquery_ujs.js?body=1" for 127.0.0.1 at 2016-02-24 02:34:52 +0530


Started GET "/assets/products.js?body=1" for 127.0.0.1 at 2016-02-24 02:34:52 +0530


Started GET "/products" for 127.0.0.1 at 2016-02-24 02:34:56 +0530
Processing by ProductsController#index as HTML
  [1m[36mProduct Load (0.2ms)[0m  [1mSELECT "products".* FROM "products"[0m
  Rendered products/index.html.erb within layouts/application (2.2ms)
Completed 200 OK in 45ms (Views: 43.6ms | ActiveRecord: 0.2ms)


Started GET "/products/1/edit" for 127.0.0.1 at 2016-02-24 02:34:58 +0530
Processing by ProductsController#edit as HTML
  Parameters: {"id"=>"1"}
  [1m[35mProduct Load (0.1ms)[0m  SELECT  "products".* FROM "products"  WHERE "products"."id" = ? LIMIT 1  [["id", 1]]
  Rendered products/_form.html.erb (2.1ms)
  Rendered products/edit.html.erb within layouts/application (3.6ms)
Completed 200 OK in 54ms (Views: 52.2ms | ActiveRecord: 0.1ms)


Started GET "/products/new" for 127.0.0.1 at 2016-02-24 02:37:13 +0530
Processing by ProductsController#new as HTML
  Rendered products/_form.html.erb (2.6ms)
  Rendered products/new.html.erb within layouts/application (3.8ms)
Completed 200 OK in 63ms (Views: 61.8ms | ActiveRecord: 0.0ms)


Started GET "/products" for 127.0.0.1 at 2016-02-24 02:37:14 +0530
Processing by ProductsController#index as HTML
  [1m[36mProduct Load (0.0ms)[0m  [1mSELECT "products".* FROM "products"[0m
  Rendered products/index.html.erb within layouts/application (1.8ms)
Completed 200 OK in 43ms (Views: 42.1ms | ActiveRecord: 0.0ms)


Started GET "/products/1" for 127.0.0.1 at 2016-02-24 02:37:16 +0530
Processing by ProductsController#show as HTML
  Parameters: {"id"=>"1"}
  [1m[35mProduct Load (0.1ms)[0m  SELECT  "products".* FROM "products"  WHERE "products"."id" = ? LIMIT 1  [["id", 1]]
  Rendered products/show.html.erb within layouts/application (0.8ms)
Completed 200 OK in 49ms (Views: 48.0ms | ActiveRecord: 0.1ms)


Started GET "/products" for 127.0.0.1 at 2016-02-24 02:37:17 +0530
Processing by ProductsController#index as HTML
  [1m[36mProduct Load (0.2ms)[0m  [1mSELECT "products".* FROM "products"[0m
  Rendered products/index.html.erb within layouts/application (1.0ms)
Completed 200 OK in 43ms (Views: 42.0ms | ActiveRecord: 0.2ms)


Started GET "/products/1/edit" for 127.0.0.1 at 2016-02-24 02:37:19 +0530
Processing by ProductsController#edit as HTML
  Parameters: {"id"=>"1"}
  [1m[35mProduct Load (0.1ms)[0m  SELECT  "products".* FROM "products"  WHERE "products"."id" = ? LIMIT 1  [["id", 1]]
  Rendered products/_form.html.erb (1.7ms)
  Rendered products/edit.html.erb within layouts/application (2.7ms)
Completed 200 OK in 48ms (Views: 43.3ms | ActiveRecord: 0.1ms)


Started GET "/products" for 127.0.0.1 at 2016-02-24 02:37:21 +0530
Processing by ProductsController#index as HTML
  [1m[36mProduct Load (0.2ms)[0m  [1mSELECT "products".* FROM "products"[0m
  Rendered products/index.html.erb within layouts/application (1.3ms)
Completed 200 OK in 42ms (Views: 40.6ms | ActiveRecord: 0.2ms)
